# JRE version: OpenJDK Runtime Environment (8.0_212-b04) (build 1.8.0_212-release-1586-b04)
# Java VM: OpenJDK 64-Bit Server VM (25.212-b04 mixed mode windows-amd64 compressed oops)
Heap:
 PSYoungGen      total 480768K, used 277999K [0x00000000e0000000, 0x00000000ffb80000, 0x0000000100000000)
  eden space 448000K, 59% used [0x00000000e0000000,0x00000000f02feb88,0x00000000fb580000)
  from space 32768K, 39% used [0x00000000fdb80000,0x00000000fe7fd0d8,0x00000000ffb80000)
  to   space 35840K, 0% used [0x00000000fb580000,0x00000000fb580000,0x00000000fd880000)
 ParOldGen       total 168960K, used 61405K [0x00000000a0000000, 0x00000000aa500000, 0x00000000e0000000)
  object space 168960K, 36% used [0x00000000a0000000,0x00000000a3bf7528,0x00000000aa500000)
 Metaspace       used 106089K, capacity 110415K, committed 110720K, reserved 1144832K
  class space    used 13502K, capacity 14389K, committed 14464K, reserved 1048576K
GC Heap History (10 events):
Event: 1953.346 GC heap before
{Heap before GC invocations=16 (full 3):
 PSYoungGen      total 476672K, used 41570K [0x00000000e0000000, 0x0000000100000000, 0x0000000100000000)
  eden space 438272K, 2% used [0x00000000e0000000,0x00000000e0bc7080,0x00000000fac00000)
  from space 38400K, 76% used [0x00000000fda80000,0x00000000ff751958,0x0000000100000000)
  to   space 43008K, 0% used [0x00000000fac00000,0x00000000fac00000,0x00000000fd600000)
 ParOldGen       total 125952K, used 66465K [0x00000000a0000000, 0x00000000a7b00000, 0x00000000e0000000)
  object space 125952K, 52% used [0x00000000a0000000,0x00000000a40e8510,0x00000000a7b00000)
 Metaspace       used 94713K, capacity 98865K, committed 98892K, reserved 1134592K
  class space    used 12175K, capacity 13039K, committed 13056K, reserved 1048576K
Event: 1953.395 GC heap after
Heap after GC invocations=16 (full 3):
 PSYoungGen      total 481280K, used 18144K [0x00000000e0000000, 0x0000000100000000, 0x0000000100000000)
  eden space 438272K, 0% used [0x00000000e0000000,0x00000000e0000000,0x00000000fac00000)
  from space 43008K, 42% used [0x00000000fac00000,0x00000000fbdb80f0,0x00000000fd600000)
  to   space 40960K, 0% used [0x00000000fd800000,0x00000000fd800000,0x0000000100000000)
 ParOldGen       total 125952K, used 66481K [0x00000000a0000000, 0x00000000a7b00000, 0x00000000e0000000)
  object space 125952K, 52% used [0x00000000a0000000,0x00000000a40ec510,0x00000000a7b00000)
 Metaspace       used 94713K, capacity 98865K, committed 98892K, reserved 1134592K
  class space    used 12175K, capacity 13039K, committed 13056K, reserved 1048576K
}
Event: 1953.395 GC heap before
{Heap before GC invocations=17 (full 4):
 PSYoungGen      total 481280K, used 18144K [0x00000000e0000000, 0x0000000100000000, 0x0000000100000000)
  eden space 438272K, 0% used [0x00000000e0000000,0x00000000e0000000,0x00000000fac00000)
  from space 43008K, 42% used [0x00000000fac00000,0x00000000fbdb80f0,0x00000000fd600000)
  to   space 40960K, 0% used [0x00000000fd800000,0x00000000fd800000,0x0000000100000000)
 ParOldGen       total 125952K, used 66481K [0x00000000a0000000, 0x00000000a7b00000, 0x00000000e0000000)
  object space 125952K, 52% used [0x00000000a0000000,0x00000000a40ec510,0x00000000a7b00000)
 Metaspace       used 94713K, capacity 98865K, committed 98892K, reserved 1134592K
  class space    used 12175K, capacity 13039K, committed 13056K, reserved 1048576K
Event: 1954.000 GC heap after
Heap after GC invocations=17 (full 4):
 PSYoungGen      total 481280K, used 0K [0x00000000e0000000, 0x0000000100000000, 0x0000000100000000)
  eden space 438272K, 0% used [0x00000000e0000000,0x00000000e0000000,0x00000000fac00000)
  from space 43008K, 0% used [0x00000000fac00000,0x00000000fac00000,0x00000000fd600000)
  to   space 40960K, 0% used [0x00000000fd800000,0x00000000fd800000,0x0000000100000000)
 ParOldGen       total 168960K, used 56747K [0x00000000a0000000, 0x00000000aa500000, 0x00000000e0000000)
  object space 168960K, 33% used [0x00000000a0000000,0x00000000a376afa8,0x00000000aa500000)
 Metaspace       used 93303K, capacity 96095K, committed 98892K, reserved 1134592K
  class space    used 11876K, capacity 12499K, committed 13056K, reserved 1048576K
}
Event: 1961.296 GC heap before
{Heap before GC invocations=18 (full 4):
 PSYoungGen      total 481280K, used 438272K [0x00000000e0000000, 0x0000000100000000, 0x0000000100000000)
  eden space 438272K, 100% used [0x00000000e0000000,0x00000000fac00000,0x00000000fac00000)
  from space 43008K, 0% used [0x00000000fac00000,0x00000000fac00000,0x00000000fd600000)
  to   space 40960K, 0% used [0x00000000fd800000,0x00000000fd800000,0x0000000100000000)
 ParOldGen       total 168960K, used 56747K [0x00000000a0000000, 0x00000000aa500000, 0x00000000e0000000)
  object space 168960K, 33% used [0x00000000a0000000,0x00000000a376afa8,0x00000000aa500000)
 Metaspace       used 102769K, capacity 106747K, committed 107904K, reserved 1142784K
  class space    used 13151K, capacity 13961K, committed 14208K, reserved 1048576K
Event: 1961.326 GC heap after
Heap after GC invocations=18 (full 4):
 PSYoungGen      total 475136K, used 16268K [0x00000000e0000000, 0x00000000ffa00000, 0x0000000100000000)
  eden space 440320K, 0% used [0x00000000e0000000,0x00000000e0000000,0x00000000fae00000)
  from space 34816K, 46% used [0x00000000fd800000,0x00000000fe7e32d0,0x00000000ffa00000)
  to   space 38912K, 0% used [0x00000000fae00000,0x00000000fae00000,0x00000000fd400000)
 ParOldGen       total 168960K, used 56755K [0x00000000a0000000, 0x00000000aa500000, 0x00000000e0000000)
  object space 168960K, 33% used [0x00000000a0000000,0x00000000a376cfa8,0x00000000aa500000)
 Metaspace       used 102769K, capacity 106747K, committed 107904K, reserved 1142784K
  class space    used 13151K, capacity 13961K, committed 14208K, reserved 1048576K
}
Event: 1966.688 GC heap before
{Heap before GC invocations=19 (full 4):
 PSYoungGen      total 475136K, used 456588K [0x00000000e0000000, 0x00000000ffa00000, 0x0000000100000000)
  eden space 440320K, 100% used [0x00000000e0000000,0x00000000fae00000,0x00000000fae00000)
  from space 34816K, 46% used [0x00000000fd800000,0x00000000fe7e32d0,0x00000000ffa00000)
  to   space 38912K, 0% used [0x00000000fae00000,0x00000000fae00000,0x00000000fd400000)
 ParOldGen       total 168960K, used 56755K [0x00000000a0000000, 0x00000000aa500000, 0x00000000e0000000)
  object space 168960K, 33% used [0x00000000a0000000,0x00000000a376cfa8,0x00000000aa500000)
 Metaspace       used 103366K, capacity 107361K, committed 108416K, reserved 1142784K
  class space    used 13197K, capacity 14004K, committed 14208K, reserved 1048576K
Event: 1966.721 GC heap after
Heap after GC invocations=19 (full 4):
 PSYoungGen      total 479232K, used 13459K [0x00000000e0000000, 0x0000000100000000, 0x0000000100000000)
  eden space 440320K, 0% used [0x00000000e0000000,0x00000000e0000000,0x00000000fae00000)
  from space 38912K, 34% used [0x00000000fae00000,0x00000000fbb24fd0,0x00000000fd400000)
  to   space 37376K, 0% used [0x00000000fdb80000,0x00000000fdb80000,0x0000000100000000)
 ParOldGen       total 168960K, used 61197K [0x00000000a0000000, 0x00000000aa500000, 0x00000000e0000000)
  object space 168960K, 36% used [0x00000000a0000000,0x00000000a3bc34f8,0x00000000aa500000)
 Metaspace       used 103366K, capacity 107361K, committed 108416K, reserved 1142784K
  class space    used 13197K, capacity 14004K, committed 14208K, reserved 1048576K
}
Event: 3856.688 GC heap before
{Heap before GC invocations=20 (full 4):
 PSYoungGen      total 479232K, used 453779K [0x00000000e0000000, 0x0000000100000000, 0x0000000100000000)
  eden space 440320K, 100% used [0x00000000e0000000,0x00000000fae00000,0x00000000fae00000)
  from space 38912K, 34% used [0x00000000fae00000,0x00000000fbb24fd0,0x00000000fd400000)
  to   space 37376K, 0% used [0x00000000fdb80000,0x00000000fdb80000,0x0000000100000000)
 ParOldGen       total 168960K, used 61197K [0x00000000a0000000, 0x00000000aa500000, 0x00000000e0000000)
  object space 168960K, 36% used [0x00000000a0000000,0x00000000a3bc34f8,0x00000000aa500000)
 Metaspace       used 105670K, capacity 110093K, committed 110464K, reserved 1144832K
  class space    used 13495K, capacity 14380K, committed 14464K, reserved 1048576K
Event: 3856.926 GC heap after
Heap after GC invocations=20 (full 4):
 PSYoungGen      total 480768K, used 12788K [0x00000000e0000000, 0x00000000ffb80000, 0x0000000100000000)
  eden space 448000K, 0% used [0x00000000e0000000,0x00000000e0000000,0x00000000fb580000)
  from space 32768K, 39% used [0x00000000fdb80000,0x00000000fe7fd0d8,0x00000000ffb80000)
  to   space 35840K, 0% used [0x00000000fb580000,0x00000000fb580000,0x00000000fd880000)
 ParOldGen       total 168960K, used 61405K [0x00000000a0000000, 0x00000000aa500000, 0x00000000e0000000)
  object space 168960K, 36% used [0x00000000a0000000,0x00000000a3bf7528,0x00000000aa500000)
 Metaspace       used 105670K, capacity 110093K, committed 110464K, reserved 1144832K
  class space    used 13495K, capacity 14380K, committed 14464K, reserved 1048576K
}

