# JRE version: OpenJDK Runtime Environment (8.0_212-b04) (build 1.8.0_212-release-1586-b04)
# Java VM: OpenJDK 64-Bit Server VM (25.212-b04 mixed mode windows-amd64 compressed oops)
Heap:
 PSYoungGen      total 386560K, used 334016K [0x00000000e0000000, 0x00000000ff800000, 0x0000000100000000)
  eden space 368128K, 85% used [0x00000000e0000000,0x00000000f3477a30,0x00000000f6780000)
  from space 18432K, 98% used [0x00000000f6780000,0x00000000f79387d8,0x00000000f7980000)
  to   space 72704K, 0% used [0x00000000fb100000,0x00000000fb100000,0x00000000ff800000)
 ParOldGen       total 272384K, used 164303K [0x00000000a0000000, 0x00000000b0a00000, 0x00000000e0000000)
  object space 272384K, 60% used [0x00000000a0000000,0x00000000aa073ee0,0x00000000b0a00000)
 Metaspace       used 207557K, capacity 219262K, committed 219456K, reserved 1239040K
  class space    used 27003K, capacity 29144K, committed 29248K, reserved 1048576K
GC Heap History (10 events):
Event: 4729.342 GC heap before
{Heap before GC invocations=54 (full 5):
 PSYoungGen      total 443904K, used 370208K [0x00000000e0000000, 0x0000000100000000, 0x0000000100000000)
  eden space 364544K, 100% used [0x00000000e0000000,0x00000000f6400000,0x00000000f6400000)
  from space 79360K, 7% used [0x00000000fb280000,0x00000000fb808000,0x0000000100000000)
  to   space 79872K, 0% used [0x00000000f6400000,0x00000000f6400000,0x00000000fb200000)
 ParOldGen       total 272384K, used 147405K [0x00000000a0000000, 0x00000000b0a00000, 0x00000000e0000000)
  object space 272384K, 54% used [0x00000000a0000000,0x00000000a8ff3740,0x00000000b0a00000)
 Metaspace       used 181570K, capacity 191348K, committed 191680K, reserved 1216512K
  class space    used 23369K, capacity 25171K, committed 25280K, reserved 1048576K
Event: 4729.373 GC heap after
Heap after GC invocations=54 (full 5):
 PSYoungGen      total 444416K, used 5968K [0x00000000e0000000, 0x0000000100000000, 0x0000000100000000)
  eden space 364544K, 0% used [0x00000000e0000000,0x00000000e0000000,0x00000000f6400000)
  from space 79872K, 7% used [0x00000000f6400000,0x00000000f69d4198,0x00000000fb200000)
  to   space 79872K, 0% used [0x00000000fb200000,0x00000000fb200000,0x0000000100000000)
 ParOldGen       total 272384K, used 150542K [0x00000000a0000000, 0x00000000b0a00000, 0x00000000e0000000)
  object space 272384K, 55% used [0x00000000a0000000,0x00000000a93038d8,0x00000000b0a00000)
 Metaspace       used 181570K, capacity 191348K, committed 191680K, reserved 1216512K
  class space    used 23369K, capacity 25171K, committed 25280K, reserved 1048576K
}
Event: 4730.347 GC heap before
{Heap before GC invocations=55 (full 5):
 PSYoungGen      total 444416K, used 370512K [0x00000000e0000000, 0x0000000100000000, 0x0000000100000000)
  eden space 364544K, 100% used [0x00000000e0000000,0x00000000f6400000,0x00000000f6400000)
  from space 79872K, 7% used [0x00000000f6400000,0x00000000f69d4198,0x00000000fb200000)
  to   space 79872K, 0% used [0x00000000fb200000,0x00000000fb200000,0x0000000100000000)
 ParOldGen       total 272384K, used 150542K [0x00000000a0000000, 0x00000000b0a00000, 0x00000000e0000000)
  object space 272384K, 55% used [0x00000000a0000000,0x00000000a93038d8,0x00000000b0a00000)
 Metaspace       used 181653K, capacity 191412K, committed 191680K, reserved 1216512K
  class space    used 23380K, capacity 25171K, committed 25280K, reserved 1048576K
Event: 4730.368 GC heap after
Heap after GC invocations=55 (full 5):
 PSYoungGen      total 442368K, used 4480K [0x00000000e0000000, 0x00000000ffe00000, 0x0000000100000000)
  eden space 364544K, 0% used [0x00000000e0000000,0x00000000e0000000,0x00000000f6400000)
  from space 77824K, 5% used [0x00000000fb200000,0x00000000fb660000,0x00000000ffe00000)
  to   space 78848K, 0% used [0x00000000f6400000,0x00000000f6400000,0x00000000fb100000)
 ParOldGen       total 272384K, used 154397K [0x00000000a0000000, 0x00000000b0a00000, 0x00000000e0000000)
  object space 272384K, 56% used [0x00000000a0000000,0x00000000a96c77e0,0x00000000b0a00000)
 Metaspace       used 181653K, capacity 191412K, committed 191680K, reserved 1216512K
  class space    used 23380K, capacity 25171K, committed 25280K, reserved 1048576K
}
Event: 4731.490 GC heap before
{Heap before GC invocations=56 (full 5):
 PSYoungGen      total 442368K, used 369024K [0x00000000e0000000, 0x00000000ffe00000, 0x0000000100000000)
  eden space 364544K, 100% used [0x00000000e0000000,0x00000000f6400000,0x00000000f6400000)
  from space 77824K, 5% used [0x00000000fb200000,0x00000000fb660000,0x00000000ffe00000)
  to   space 78848K, 0% used [0x00000000f6400000,0x00000000f6400000,0x00000000fb100000)
 ParOldGen       total 272384K, used 154397K [0x00000000a0000000, 0x00000000b0a00000, 0x00000000e0000000)
  object space 272384K, 56% used [0x00000000a0000000,0x00000000a96c77e0,0x00000000b0a00000)
 Metaspace       used 181668K, capacity 191416K, committed 191680K, reserved 1216512K
  class space    used 23380K, capacity 25171K, committed 25280K, reserved 1048576K
Event: 4731.523 GC heap after
Heap after GC invocations=56 (full 5):
 PSYoungGen      total 443392K, used 4861K [0x00000000e0000000, 0x00000000ffe00000, 0x0000000100000000)
  eden space 364544K, 0% used [0x00000000e0000000,0x00000000e0000000,0x00000000f6400000)
  from space 78848K, 6% used [0x00000000f6400000,0x00000000f68bf450,0x00000000fb100000)
  to   space 77312K, 0% used [0x00000000fb280000,0x00000000fb280000,0x00000000ffe00000)
 ParOldGen       total 272384K, used 158630K [0x00000000a0000000, 0x00000000b0a00000, 0x00000000e0000000)
  object space 272384K, 58% used [0x00000000a0000000,0x00000000a9ae9800,0x00000000b0a00000)
 Metaspace       used 181668K, capacity 191416K, committed 191680K, reserved 1216512K
  class space    used 23380K, capacity 25171K, committed 25280K, reserved 1048576K
}
Event: 4733.707 GC heap before
{Heap before GC invocations=57 (full 5):
 PSYoungGen      total 443392K, used 369405K [0x00000000e0000000, 0x00000000ffe00000, 0x0000000100000000)
  eden space 364544K, 100% used [0x00000000e0000000,0x00000000f6400000,0x00000000f6400000)
  from space 78848K, 6% used [0x00000000f6400000,0x00000000f68bf450,0x00000000fb100000)
  to   space 77312K, 0% used [0x00000000fb280000,0x00000000fb280000,0x00000000ffe00000)
 ParOldGen       total 272384K, used 158630K [0x00000000a0000000, 0x00000000b0a00000, 0x00000000e0000000)
  object space 272384K, 58% used [0x00000000a0000000,0x00000000a9ae9800,0x00000000b0a00000)
 Metaspace       used 182305K, capacity 192262K, committed 192576K, reserved 1216512K
  class space    used 23454K, capacity 25294K, committed 25408K, reserved 1048576K
Event: 4733.784 GC heap after
Heap after GC invocations=57 (full 5):
 PSYoungGen      total 444928K, used 36491K [0x00000000e0000000, 0x00000000ffd80000, 0x0000000100000000)
  eden space 368128K, 0% used [0x00000000e0000000,0x00000000e0000000,0x00000000f6780000)
  from space 76800K, 47% used [0x00000000fb280000,0x00000000fd622d88,0x00000000ffd80000)
  to   space 76800K, 0% used [0x00000000f6780000,0x00000000f6780000,0x00000000fb280000)
 ParOldGen       total 272384K, used 161486K [0x00000000a0000000, 0x00000000b0a00000, 0x00000000e0000000)
  object space 272384K, 59% used [0x00000000a0000000,0x00000000a9db38b0,0x00000000b0a00000)
 Metaspace       used 182305K, capacity 192262K, committed 192576K, reserved 1216512K
  class space    used 23454K, capacity 25294K, committed 25408K, reserved 1048576K
}
Event: 5008.933 GC heap before
{Heap before GC invocations=58 (full 5):
 PSYoungGen      total 444928K, used 404619K [0x00000000e0000000, 0x00000000ffd80000, 0x0000000100000000)
  eden space 368128K, 100% used [0x00000000e0000000,0x00000000f6780000,0x00000000f6780000)
  from space 76800K, 47% used [0x00000000fb280000,0x00000000fd622d88,0x00000000ffd80000)
  to   space 76800K, 0% used [0x00000000f6780000,0x00000000f6780000,0x00000000fb280000)
 ParOldGen       total 272384K, used 161486K [0x00000000a0000000, 0x00000000b0a00000, 0x00000000e0000000)
  object space 272384K, 59% used [0x00000000a0000000,0x00000000a9db38b0,0x00000000b0a00000)
 Metaspace       used 191355K, capacity 201708K, committed 202048K, reserved 1224704K
  class space    used 24445K, capacity 26350K, committed 26432K, reserved 1048576K
Event: 5008.961 GC heap after
Heap after GC invocations=58 (full 5):
 PSYoungGen      total 386560K, used 18145K [0x00000000e0000000, 0x00000000ff800000, 0x0000000100000000)
  eden space 368128K, 0% used [0x00000000e0000000,0x00000000e0000000,0x00000000f6780000)
  from space 18432K, 98% used [0x00000000f6780000,0x00000000f79387d8,0x00000000f7980000)
  to   space 72704K, 0% used [0x00000000fb100000,0x00000000fb100000,0x00000000ff800000)
 ParOldGen       total 272384K, used 164303K [0x00000000a0000000, 0x00000000b0a00000, 0x00000000e0000000)
  object space 272384K, 60% used [0x00000000a0000000,0x00000000aa073ee0,0x00000000b0a00000)
 Metaspace       used 191355K, capacity 201708K, committed 202048K, reserved 1224704K
  class space    used 24445K, capacity 26350K, committed 26432K, reserved 1048576K
}

